
 Memória para a matriz:     *0.007812* Gigas

 Ordem da matriz:           *1024x1024*
 Tempo Sequencial (Ts):     *0.004039* seg
 Tempo Paralelo (Tp): 	    *0.002550* seg
 Desvio Padrão Sequencial:  *0.000014*
 Desvio Padrão Paralelo:    *0.000035*

 Diferenca de valor máxima: *0.000000*

 Speedup: 		    *1.583798* Ts/Tp
 Eficiencia: 		    *79.19*%


 Tempo total: 		    *0.347890* seg

 ***

 Memória para a matriz:     *0.031250* Gigas

 Ordem da matriz:           *2048x2048*
 Tempo Sequencial (Ts):     *0.016204* seg
 Tempo Paralelo (Tp): 	    *0.010198* seg
 Desvio Padrão Sequencial:  *0.000050*
 Desvio Padrão Paralelo:    *0.000027*

 Diferenca de valor máxima: *0.000000*

 Speedup: 		    *1.588864* Ts/Tp
 Eficiencia: 		    *79.44*%


 Tempo total: 		    *1.394487* seg

 ***

 Memória para a matriz:     *0.070312* Gigas

 Ordem da matriz:           *3072x3072*
 Tempo Sequencial (Ts):     *0.036427* seg
 Tempo Paralelo (Tp): 	    *0.022579* seg
 Desvio Padrão Sequencial:  *0.000057*
 Desvio Padrão Paralelo:    *0.000039*

 Diferenca de valor máxima: *0.000000*

 Speedup: 		    *1.613352* Ts/Tp
 Eficiencia: 		    *80.67*%


 Tempo total: 		    *3.117117* seg

 ***

 Memória para a matriz:     *0.125000* Gigas

 Ordem da matriz:           *4096x4096*
 Tempo Sequencial (Ts):     *0.064732* seg
 Tempo Paralelo (Tp): 	    *0.039862* seg
 Desvio Padrão Sequencial:  *0.000061*
 Desvio Padrão Paralelo:    *0.000043*

 Diferenca de valor máxima: *0.000000*

 Speedup: 		    *1.623884* Ts/Tp
 Eficiencia: 		    *81.19*%


 Tempo total: 		    *5.525506* seg

 ***

 Memória para a matriz:     *0.195312* Gigas

 Ordem da matriz:           *5120x5120*
 Tempo Sequencial (Ts):     *0.101066* seg
 Tempo Paralelo (Tp): 	    *0.061991* seg
 Desvio Padrão Sequencial:  *0.000049*
 Desvio Padrão Paralelo:    *0.000045*

 Diferenca de valor máxima: *0.000000*

 Speedup: 		    *1.630331* Ts/Tp
 Eficiencia: 		    *81.52*%


 Tempo total: 		    *8.613920* seg

 ***

 Memória para a matriz:     *0.281250* Gigas

 Ordem da matriz:           *6144x6144*
 Tempo Sequencial (Ts):     *0.145658* seg
 Tempo Paralelo (Tp): 	    *0.089026* seg
 Desvio Padrão Sequencial:  *0.000089*
 Desvio Padrão Paralelo:    *0.000058*

 Diferenca de valor máxima: *0.000000*

 Speedup: 		    *1.636123* Ts/Tp
 Eficiencia: 		    *81.81*%


 Tempo total: 		    *12.396249* seg

 ***

 Memória para a matriz:     *0.382812* Gigas

 Ordem da matriz:           *7168x7168*
 Tempo Sequencial (Ts):     *0.198113* seg
 Tempo Paralelo (Tp): 	    *0.120774* seg
 Desvio Padrão Sequencial:  *0.000078*
 Desvio Padrão Paralelo:    *0.000042*

 Diferenca de valor máxima: *0.000000*

 Speedup: 		    *1.640362* Ts/Tp
 Eficiencia: 		    *82.02*%


 Tempo total: 		    *16.845571* seg

 ***

 Memória para a matriz:     *0.500000* Gigas

 Ordem da matriz:           *8192x8192*
 Tempo Sequencial (Ts):     *0.258848* seg
 Tempo Paralelo (Tp): 	    *0.157397* seg
 Desvio Padrão Sequencial:  *0.000080*
 Desvio Padrão Paralelo:    *0.000045*

 Diferenca de valor máxima: *0.000000*

 Speedup: 		    *1.644554* Ts/Tp
 Eficiencia: 		    *82.23*%


 Tempo total: 		    *21.988400* seg

 ***

 Memória para a matriz:     *0.632812* Gigas

 Ordem da matriz:           *9216x9216*
 Tempo Sequencial (Ts):     *0.327386* seg
 Tempo Paralelo (Tp): 	    *0.199073* seg
 Desvio Padrão Sequencial:  *0.000075*
 Desvio Padrão Paralelo:    *0.000064*

 Diferenca de valor máxima: *0.000000*

 Speedup: 		    *1.644554* Ts/Tp
 Eficiencia: 		    *82.23*%


 Tempo total: 		    *28.831486* seg

 ***

 Memória para a matriz:     *0.781250* Gigas

 Ordem da matriz:           *10240x10240*
 Tempo Sequencial (Ts):     *0.404216* seg
 Tempo Paralelo (Tp): 	    *0.245522* seg
 Desvio Padrão Sequencial:  *0.000095*
 Desvio Padrão Paralelo:    *0.000069*

 Diferenca de valor máxima: *0.000000*

 Speedup: 		    *1.646354* Ts/Tp
 Eficiencia: 		    *82.32*%


 Tempo total: 		    *34.327779* seg

 ***

 Memória para a matriz:     *0.945312* Gigas

 Ordem da matriz:           *11264x11264*
 Tempo Sequencial (Ts):     *0.489019* seg
 Tempo Paralelo (Tp): 	    *0.296792* seg
 Desvio Padrão Sequencial:  *0.000086*
 Desvio Padrão Paralelo:    *0.000069*

 Diferenca de valor máxima: *0.000000*

 Speedup: 		    *1.647685* Ts/Tp
 Eficiencia: 		    *82.38*%


 Tempo total: 		    *41.570365* seg

 ***

 Memória para a matriz:     *1.125000* Gigas

 Ordem da matriz:           *12288x12288*
 Tempo Sequencial (Ts):     *0.581974* seg
 Tempo Paralelo (Tp): 	    *0.352749* seg
 Desvio Padrão Sequencial:  *0.000089*
 Desvio Padrão Paralelo:    *0.000081*

 Diferenca de valor máxima: *0.000000*

 Speedup: 		    *1.649826* Ts/Tp
 Eficiencia: 		    *82.49*%


 Tempo total: 		    *49.379336* seg

 ***

 Memória para a matriz:     *1.320312* Gigas

 Ordem da matriz:           *13312x13312*
 Tempo Sequencial (Ts):     *0.682558* seg
 Tempo Paralelo (Tp): 	    *0.414274* seg
 Desvio Padrão Sequencial:  *0.000099*
 Desvio Padrão Paralelo:    *0.000116*

 Diferenca de valor máxima: *0.000000*

 Speedup: 		    *1.647599* Ts/Tp
 Eficiencia: 		    *82.38*%


 Tempo total: 		    *57.940758* seg

 ***

 Memória para a matriz:     *1.531250* Gigas

 Ordem da matriz:           *14336x14336*
 Tempo Sequencial (Ts):     *0.791774* seg
 Tempo Paralelo (Tp): 	    *0.479725* seg
 Desvio Padrão Sequencial:  *0.000112*
 Desvio Padrão Paralelo:    *0.000111*

 Diferenca de valor máxima: *0.000000*

 Speedup: 		    *1.650474* Ts/Tp
 Eficiencia: 		    *82.52*%


 Tempo total: 		    *67.179350* seg

 ***

 Memória para a matriz:     *1.757812* Gigas

 Ordem da matriz:           *15360x15360*
 Tempo Sequencial (Ts):     *0.909113* seg
 Tempo Paralelo (Tp): 	    *0.550634* seg
 Desvio Padrão Sequencial:  *0.000094*
 Desvio Padrão Paralelo:    *0.000109*

 Diferenca de valor máxima: *0.000000*

 Speedup: 		    *1.651030* Ts/Tp
 Eficiencia: 		    *82.55*%


 Tempo total: 		    *77.114000* seg

 ***

 Memória para a matriz:     *2.000000* Gigas

 Ordem da matriz:           *16384x16384*
 Tempo Sequencial (Ts):     *1.034648* seg
 Tempo Paralelo (Tp): 	    *0.626158* seg
 Desvio Padrão Sequencial:  *0.000103*
 Desvio Padrão Paralelo:    *0.000107*

 Diferenca de valor máxima: *0.000000*

 Speedup: 		    *1.652374* Ts/Tp
 Eficiencia: 		    *82.62*%


 Tempo total: 		    *88.485652* seg

 ***

 Memória para a matriz:     *2.257812* Gigas

 Ordem da matriz:           *17408x17408*
 Tempo Sequencial (Ts):     *1.168122* seg
 Tempo Paralelo (Tp): 	    *0.707058* seg
 Desvio Padrão Sequencial:  *0.000138*
 Desvio Padrão Paralelo:    *0.000145*

 Diferenca de valor máxima: *0.000000*

 Speedup: 		    *1.652088* Ts/Tp
 Eficiencia: 		    *82.60*%


 Tempo total: 		    *99.064322* seg

 ***

 Memória para a matriz:     *2.531250* Gigas

 Ordem da matriz:           *18432x18432*
 Tempo Sequencial (Ts):     *1.309182* seg
 Tempo Paralelo (Tp): 	    *0.792148* seg
 Desvio Padrão Sequencial:  *0.000148*
 Desvio Padrão Paralelo:    *0.000100*

 Diferenca de valor máxima: *0.000000*

 Speedup: 		    *1.652699* Ts/Tp
 Eficiencia: 		    *82.63*%


 Tempo total: 		    *111.017731* seg

 ***

 Memória para a matriz:     *2.820312* Gigas

 Ordem da matriz:           *19456x19456*
 Tempo Sequencial (Ts):     *1.458699* seg
 Tempo Paralelo (Tp): 	    *0.882813* seg
 Desvio Padrão Sequencial:  *0.000244*
 Desvio Padrão Paralelo:    *0.000270*

 Diferenca de valor máxima: *0.000000*

 Speedup: 		    *1.652331* Ts/Tp
 Eficiencia: 		    *82.62*%


 Tempo total: 		    *123.683265* seg

 ***

 Memória para a matriz:     *3.125000* Gigas

 Ordem da matriz:           *20480x20480*
 Tempo Sequencial (Ts):     *1.615873* seg
 Tempo Paralelo (Tp): 	    *0.977859* seg
 Desvio Padrão Sequencial:  *0.000149*
 Desvio Padrão Paralelo:    *0.000169*

 Diferenca de valor máxima: *0.000000*

 Speedup: 		    *1.652459* Ts/Tp
 Eficiencia: 		    *82.62*%


 Tempo total: 		    *137.012205* seg

 ***

 Memória para a matriz:     *3.445312* Gigas

 Ordem da matriz:           *21504x21504*
 Tempo Sequencial (Ts):     *1.782316* seg
 Tempo Paralelo (Tp): 	    *1.077711* seg
 Desvio Padrão Sequencial:  *0.000175*
 Desvio Padrão Paralelo:    *0.000131*

 Diferenca de valor máxima: *0.000000*

 Speedup: 		    *1.653798* Ts/Tp
 Eficiencia: 		    *82.69*%


 Tempo total: 		    *151.089498* seg

 ***

 Memória para a matriz:     *3.781250* Gigas

 Ordem da matriz:           *22528x22528*
 Tempo Sequencial (Ts):     *1.957080* seg
 Tempo Paralelo (Tp): 	    *1.183046* seg
 Desvio Padrão Sequencial:  *0.000198*
 Desvio Padrão Paralelo:    *0.000329*

 Diferenca de valor máxima: *0.000000*

 Speedup: 		    *1.654271* Ts/Tp
 Eficiencia: 		    *82.71*%


 Tempo total: 		    *165.882992* seg

 ***

 Memória para a matriz:     *4.132812* Gigas

 Ordem da matriz:           *23552x23552*
 Tempo Sequencial (Ts):     *2.137704* seg
 Tempo Paralelo (Tp): 	    *1.292595* seg
 Desvio Padrão Sequencial:  *0.000214*
 Desvio Padrão Paralelo:    *0.000163*

 Diferenca de valor máxima: *0.000000*

 Speedup: 		    *1.653808* Ts/Tp
 Eficiencia: 		    *82.69*%


 Tempo total: 		    *181.217239* seg

 ***

 Memória para a matriz:     *4.500000* Gigas

 Ordem da matriz:           *24576x24576*
 Tempo Sequencial (Ts):     *2.326871* seg
 Tempo Paralelo (Tp): 	    *1.407020* seg
 Desvio Padrão Sequencial:  *0.000210*
 Desvio Padrão Paralelo:    *0.000138*

 Diferenca de valor máxima: *0.000000*

 Speedup: 		    *1.653759* Ts/Tp
 Eficiencia: 		    *82.69*%


 Tempo total: 		    *197.264759* seg

 ***

 Memória para a matriz:     *4.882812* Gigas

 Ordem da matriz:           *25600x25600*
 Tempo Sequencial (Ts):     *2.525658* seg
 Tempo Paralelo (Tp): 	    *1.526619* seg
 Desvio Padrão Sequencial:  *0.000179*
 Desvio Padrão Paralelo:    *0.000133*

 Diferenca de valor máxima: *0.000000*

 Speedup: 		    *1.654412* Ts/Tp
 Eficiencia: 		    *82.72*%


 Tempo total: 		    *214.073572* seg

 ***

 Memória para a matriz:     *5.281250* Gigas

 Ordem da matriz:           *26624x26624*
 Tempo Sequencial (Ts):     *2.731645* seg
 Tempo Paralelo (Tp): 	    *1.651290* seg
 Desvio Padrão Sequencial:  *0.000228*
 Desvio Padrão Paralelo:    *0.000148*

 Diferenca de valor máxima: *0.000000*

 Speedup: 		    *1.654249* Ts/Tp
 Eficiencia: 		    *82.71*%


 Tempo total: 		    *231.544375* seg

 ***

 Memória para a matriz:     *5.695312* Gigas

 Ordem da matriz:           *27648x27648*
 Tempo Sequencial (Ts):     *2.945448* seg
 Tempo Paralelo (Tp): 	    *1.780004* seg
 Desvio Padrão Sequencial:  *0.000219*
 Desvio Padrão Paralelo:    *0.000192*

 Diferenca de valor máxima: *0.000000*

 Speedup: 		    *1.654742* Ts/Tp
 Eficiencia: 		    *82.74*%


 Tempo total: 		    *249.635630* seg

 ***

 Memória para a matriz:     *6.125000* Gigas

 Ordem da matriz:           *28672x28672*
 Tempo Sequencial (Ts):     *3.170478* seg
 Tempo Paralelo (Tp): 	    *1.914075* seg
 Desvio Padrão Sequencial:  *0.000223*
 Desvio Padrão Paralelo:    *0.000177*

 Diferenca de valor máxima: *0.000000*

 Speedup: 		    *1.656402* Ts/Tp
 Eficiencia: 		    *82.82*%


 Tempo total: 		    *268.610111* seg

 ***

 Memória para a matriz:     *6.570312* Gigas

 Ordem da matriz:           *29696x29696*
 Tempo Sequencial (Ts):     *3.396764* seg
 Tempo Paralelo (Tp): 	    *2.053405* seg
 Desvio Padrão Sequencial:  *0.000230*
 Desvio Padrão Paralelo:    *0.000234*

 Diferenca de valor máxima: *0.000000*

 Speedup: 		    *1.654210* Ts/Tp
 Eficiencia: 		    *82.71*%


 Tempo total: 		    *287.929646* seg

 ***

 Memória para a matriz:     *7.031250* Gigas

 Ordem da matriz:           *30720x30720*
 Tempo Sequencial (Ts):     *3.636959* seg
 Tempo Paralelo (Tp): 	    *2.198327* seg
 Desvio Padrão Sequencial:  *0.000234*
 Desvio Padrão Paralelo:    *0.000177*

 Diferenca de valor máxima: *0.000000*

 Speedup: 		    *1.654421* Ts/Tp
 Eficiencia: 		    *82.72*%


 Tempo total: 		    *308.279287* seg

 ***

 Memória para a matriz:     *7.507812* Gigas

 Ordem da matriz:           *31744x31744*
 Tempo Sequencial (Ts):     *3.883397* seg
 Tempo Paralelo (Tp): 	    *2.346679* seg
 Desvio Padrão Sequencial:  *0.000243*
 Desvio Padrão Paralelo:    *0.000358*

 Diferenca de valor máxima: *0.000000*

 Speedup: 		    *1.654848* Ts/Tp
 Eficiencia: 		    *82.74*%


 Tempo total: 		    *329.102103* seg

 ***

 Memória para a matriz:     *8.000000* Gigas

 Ordem da matriz:           *32768x32768*
 Tempo Sequencial (Ts):     *4.139028* seg
 Tempo Paralelo (Tp): 	    *2.498814* seg
 Desvio Padrão Sequencial:  *0.000262*
 Desvio Padrão Paralelo:    *0.000166*

 Diferenca de valor máxima: *0.000000*

 Speedup: 		    *1.656397* Ts/Tp
 Eficiencia: 		    *82.82*%


 Tempo total: 		    *350.682131* seg

 ***

 Memória para a matriz:     *8.507812* Gigas

 Ordem da matriz:           *33792x33792*
 Tempo Sequencial (Ts):     *4.400264* seg
 Tempo Paralelo (Tp): 	    *2.657675* seg
 Desvio Padrão Sequencial:  *0.000344*
 Desvio Padrão Paralelo:    *0.000269*

 Diferenca de valor máxima: *0.000000*

 Speedup: 		    *1.655682* Ts/Tp
 Eficiencia: 		    *82.78*%


 Tempo total: 		    *372.988632* seg

 ***

 Memória para a matriz:     *9.031250* Gigas

 Ordem da matriz:           *34816x34816*
 Tempo Sequencial (Ts):     *4.669342* seg
 Tempo Paralelo (Tp): 	    *2.819399* seg
 Desvio Padrão Sequencial:  *0.000353*
 Desvio Padrão Paralelo:    *0.000242*

 Diferenca de valor máxima: *0.000000*

 Speedup: 		    *1.656148* Ts/Tp
 Eficiencia: 		    *82.81*%


 Tempo total: 		    *395.732028* seg

 ***

 Memória para a matriz:     *9.570312* Gigas

 Ordem da matriz:           *35840x35840*
 Tempo Sequencial (Ts):     *4.950876* seg
 Tempo Paralelo (Tp): 	    *2.989472* seg
 Desvio Padrão Sequencial:  *0.000356*
 Desvio Padrão Paralelo:    *0.000206*

 Diferenca de valor máxima: *0.000000*

 Speedup: 		    *1.656104* Ts/Tp
 Eficiencia: 		    *82.81*%


 Tempo total: 		    *422.383766* seg

 ***

 Memória para a matriz:     *10.125000* Gigas

 Ordem da matriz:           *36864x36864*
 Tempo Sequencial (Ts):     *5.237676* seg
 Tempo Paralelo (Tp): 	    *3.162581* seg
 Desvio Padrão Sequencial:  *0.000314*
 Desvio Padrão Paralelo:    *0.000312*

 Diferenca de valor máxima: *0.000000*

 Speedup: 		    *1.656140* Ts/Tp
 Eficiencia: 		    *82.81*%


 Tempo total: 		    *443.797486* seg

 ***

 Memória para a matriz:     *10.695312* Gigas

 Ordem da matriz:           *37888x37888*
 Tempo Sequencial (Ts):     *5.530092* seg
 Tempo Paralelo (Tp): 	    *3.340866* seg
 Desvio Padrão Sequencial:  *0.000349*
 Desvio Padrão Paralelo:    *0.000756*

 Diferenca de valor máxima: *0.000000*

 Speedup: 		    *1.655287* Ts/Tp
 Eficiencia: 		    *82.76*%


 Tempo total: 		    *468.635798* seg

 ***

 Memória para a matriz:     *11.281250* Gigas

 Ordem da matriz:           *38912x38912*
 Tempo Sequencial (Ts):     *5.833631* seg
 Tempo Paralelo (Tp): 	    *3.522937* seg
 Desvio Padrão Sequencial:  *0.000296*
 Desvio Padrão Paralelo:    *0.000277*

 Diferenca de valor máxima: *0.000000*

 Speedup: 		    *1.655900* Ts/Tp
 Eficiencia: 		    *82.79*%


 Tempo total: 		    *494.293229* seg

 ***

 Memória para a matriz:     *11.882812* Gigas

 Ordem da matriz:           *39936x39936*
 Tempo Sequencial (Ts):     *6.142760* seg
 Tempo Paralelo (Tp): 	    *3.710234* seg
 Desvio Padrão Sequencial:  *0.000339*
 Desvio Padrão Paralelo:    *0.000311*

 Diferenca de valor máxima: *0.000000*

 Speedup: 		    *1.655626* Ts/Tp
 Eficiencia: 		    *82.78*%


 Tempo total: 		    *520.622907* seg

 ***

 Memória para a matriz:     *12.500000* Gigas

 Ordem da matriz:           *40960x40960*
 Tempo Sequencial (Ts):     *6.463179* seg
 Tempo Paralelo (Tp): 	    *3.906805* seg
 Desvio Padrão Sequencial:  *0.000375*
 Desvio Padrão Paralelo:    *0.000822*

 Diferenca de valor máxima: *0.000000*

 Speedup: 		    *1.654338* Ts/Tp
 Eficiencia: 		    *82.72*%


 Tempo total: 		    *547.788568* seg

 ***

 Memória para a matriz:     *13.132812* Gigas

 Ordem da matriz:           *41984x41984*
 Tempo Sequencial (Ts):     *6.797271* seg
 Tempo Paralelo (Tp): 	    *4.101794* seg
 Desvio Padrão Sequencial:  *0.000520*
 Desvio Padrão Paralelo:    *0.000579*

 Diferenca de valor máxima: *0.000000*

 Speedup: 		    *1.657146* Ts/Tp
 Eficiencia: 		    *82.86*%


 Tempo total: 		    *575.748503* seg

 ***

 Memória para a matriz:     *13.781250* Gigas

 Ordem da matriz:           *43008x43008*
 Tempo Sequencial (Ts):     *7.129023* seg
 Tempo Paralelo (Tp): 	    *4.302589* seg
 Desvio Padrão Sequencial:  *0.000397*
 Desvio Padrão Paralelo:    *0.000370*

 Diferenca de valor máxima: *0.000000*

 Speedup: 		    *1.656915* Ts/Tp
 Eficiencia: 		    *82.85*%


 Tempo total: 		    *607.907669* seg

 ***

 Memória para a matriz:     *14.445312* Gigas

 Ordem da matriz:           *44032x44032*
 Tempo Sequencial (Ts):     *7.471386* seg
 Tempo Paralelo (Tp): 	    *4.508968* seg
 Desvio Padrão Sequencial:  *0.000396*
 Desvio Padrão Paralelo:    *0.000246*

 Diferenca de valor máxima: *0.000000*

 Speedup: 		    *1.657006* Ts/Tp
 Eficiencia: 		    *82.85*%


 Tempo total: 		    *633.035450* seg

 ***
*----------*

 Memória para a matriz:     *0.007812* Gigas

 Ordem da matriz:           *1024x1024*
 Tempo Sequencial (Ts):     *0.004043* seg
 Tempo Paralelo (Tp): 	    *0.001270* seg
 Desvio Padrão Sequencial:  *0.000018*
 Desvio Padrão Paralelo:    *0.000049*

 Diferenca de valor máxima: *0.000000*

 Speedup: 		    *3.182381* Ts/Tp
 Eficiencia: 		    *79.56*%


 Tempo total: 		    *0.284230* seg

 ***

 Memória para a matriz:     *0.031250* Gigas

 Ordem da matriz:           *2048x2048*
 Tempo Sequencial (Ts):     *0.016195* seg
 Tempo Paralelo (Tp): 	    *0.006051* seg
 Desvio Padrão Sequencial:  *0.000033*
 Desvio Padrão Paralelo:    *0.000039*

 Diferenca de valor máxima: *0.000000*

 Speedup: 		    *2.676302* Ts/Tp
 Eficiencia: 		    *66.91*%


 Tempo total: 		    *1.186900* seg

 ***

 Memória para a matriz:     *0.070312* Gigas

 Ordem da matriz:           *3072x3072*
 Tempo Sequencial (Ts):     *0.036406* seg
 Tempo Paralelo (Tp): 	    *0.013450* seg
 Desvio Padrão Sequencial:  *0.000055*
 Desvio Padrão Paralelo:    *0.000031*

 Diferenca de valor máxima: *0.000000*

 Speedup: 		    *2.706759* Ts/Tp
 Eficiencia: 		    *67.67*%


 Tempo total: 		    *2.659554* seg

 ***

 Memória para a matriz:     *0.125000* Gigas

 Ordem da matriz:           *4096x4096*
 Tempo Sequencial (Ts):     *0.064704* seg
 Tempo Paralelo (Tp): 	    *0.023766* seg
 Desvio Padrão Sequencial:  *0.000068*
 Desvio Padrão Paralelo:    *0.000043*

 Diferenca de valor máxima: *0.000000*

 Speedup: 		    *2.722560* Ts/Tp
 Eficiencia: 		    *68.06*%


 Tempo total: 		    *4.718578* seg

 ***

 Memória para a matriz:     *0.195312* Gigas

 Ordem da matriz:           *5120x5120*
 Tempo Sequencial (Ts):     *0.101202* seg
 Tempo Paralelo (Tp): 	    *0.036975* seg
 Desvio Padrão Sequencial:  *0.000053*
 Desvio Padrão Paralelo:    *0.000052*

 Diferenca de valor máxima: *0.000000*

 Speedup: 		    *2.737018* Ts/Tp
 Eficiencia: 		    *68.43*%


 Tempo total: 		    *7.368925* seg

 ***

 Memória para a matriz:     *0.281250* Gigas

 Ordem da matriz:           *6144x6144*
 Tempo Sequencial (Ts):     *0.145628* seg
 Tempo Paralelo (Tp): 	    *0.053122* seg
 Desvio Padrão Sequencial:  *0.000073*
 Desvio Padrão Paralelo:    *0.000056*

 Diferenca de valor máxima: *0.000000*

 Speedup: 		    *2.741370* Ts/Tp
 Eficiencia: 		    *68.53*%


 Tempo total: 		    *10.600097* seg

 ***

 Memória para a matriz:     *0.382812* Gigas

 Ordem da matriz:           *7168x7168*
 Tempo Sequencial (Ts):     *0.198044* seg
 Tempo Paralelo (Tp): 	    *0.072150* seg
 Desvio Padrão Sequencial:  *0.000066*
 Desvio Padrão Paralelo:    *0.000050*

 Diferenca de valor máxima: *0.000000*

 Speedup: 		    *2.744892* Ts/Tp
 Eficiencia: 		    *68.62*%


 Tempo total: 		    *14.413308* seg

 ***

 Memória para a matriz:     *0.500000* Gigas

 Ordem da matriz:           *8192x8192*
 Tempo Sequencial (Ts):     *0.258723* seg
 Tempo Paralelo (Tp): 	    *0.094141* seg
 Desvio Padrão Sequencial:  *0.000068*
 Desvio Padrão Paralelo:    *0.000073*

 Diferenca de valor máxima: *0.000000*

 Speedup: 		    *2.748246* Ts/Tp
 Eficiencia: 		    *68.71*%


 Tempo total: 		    *18.817698* seg

 ***

 Memória para a matriz:     *0.632812* Gigas

 Ordem da matriz:           *9216x9216*
 Tempo Sequencial (Ts):     *0.327413* seg
 Tempo Paralelo (Tp): 	    *0.118959* seg
 Desvio Padrão Sequencial:  *0.000080*
 Desvio Padrão Paralelo:    *0.000076*

 Diferenca de valor máxima: *0.000000*

 Speedup: 		    *2.752322* Ts/Tp
 Eficiencia: 		    *68.81*%


 Tempo total: 		    *23.808054* seg

 ***

 Memória para a matriz:     *0.781250* Gigas

 Ordem da matriz:           *10240x10240*
 Tempo Sequencial (Ts):     *0.404271* seg
 Tempo Paralelo (Tp): 	    *0.146722* seg
 Desvio Padrão Sequencial:  *0.000093*
 Desvio Padrão Paralelo:    *0.000071*

 Diferenca de valor máxima: *0.000000*

 Speedup: 		    *2.755365* Ts/Tp
 Eficiencia: 		    *68.88*%


 Tempo total: 		    *29.609848* seg

 ***

 Memória para a matriz:     *0.945312* Gigas

 Ordem da matriz:           *11264x11264*
 Tempo Sequencial (Ts):     *0.489162* seg
 Tempo Paralelo (Tp): 	    *0.177417* seg
 Desvio Padrão Sequencial:  *0.000091*
 Desvio Padrão Paralelo:    *0.000145*

 Diferenca de valor máxima: *0.000000*

 Speedup: 		    *2.757127* Ts/Tp
 Eficiencia: 		    *68.93*%


 Tempo total: 		    *35.554091* seg

 ***

 Memória para a matriz:     *1.125000* Gigas

 Ordem da matriz:           *12288x12288*
 Tempo Sequencial (Ts):     *0.581909* seg
 Tempo Paralelo (Tp): 	    *0.211031* seg
 Desvio Padrão Sequencial:  *0.000110*
 Desvio Padrão Paralelo:    *0.000083*

 Diferenca de valor máxima: *0.000000*

 Speedup: 		    *2.757464* Ts/Tp
 Eficiencia: 		    *68.94*%


 Tempo total: 		    *42.290034* seg

 ***

 Memória para a matriz:     *1.320312* Gigas

 Ordem da matriz:           *13312x13312*
 Tempo Sequencial (Ts):     *0.682839* seg
 Tempo Paralelo (Tp): 	    *0.247478* seg
 Desvio Padrão Sequencial:  *0.000083*
 Desvio Padrão Paralelo:    *0.000098*

 Diferenca de valor máxima: *0.000000*

 Speedup: 		    *2.759193* Ts/Tp
 Eficiencia: 		    *68.98*%


 Tempo total: 		    *49.620186* seg

 ***

 Memória para a matriz:     *1.531250* Gigas

 Ordem da matriz:           *14336x14336*
 Tempo Sequencial (Ts):     *0.791983* seg
 Tempo Paralelo (Tp): 	    *0.286861* seg
 Desvio Padrão Sequencial:  *0.000106*
 Desvio Padrão Paralelo:    *0.000087*

 Diferenca de valor máxima: *0.000000*

 Speedup: 		    *2.760861* Ts/Tp
 Eficiencia: 		    *69.02*%


 Tempo total: 		    *57.539169* seg

 ***

 Memória para a matriz:     *1.757812* Gigas

 Ordem da matriz:           *15360x15360*
 Tempo Sequencial (Ts):     *0.908901* seg
 Tempo Paralelo (Tp): 	    *0.329170* seg
 Desvio Padrão Sequencial:  *0.000093*
 Desvio Padrão Paralelo:    *0.000107*

 Diferenca de valor máxima: *0.000000*

 Speedup: 		    *2.761191* Ts/Tp
 Eficiencia: 		    *69.03*%


 Tempo total: 		    *66.029912* seg

 ***

 Memória para a matriz:     *2.000000* Gigas

 Ordem da matriz:           *16384x16384*
 Tempo Sequencial (Ts):     *1.035005* seg
 Tempo Paralelo (Tp): 	    *0.374677* seg
 Desvio Padrão Sequencial:  *0.000167*
 Desvio Padrão Paralelo:    *0.000260*

 Diferenca de valor máxima: *0.000000*

 Speedup: 		    *2.762391* Ts/Tp
 Eficiencia: 		    *69.06*%


 Tempo total: 		    *75.182941* seg

 ***

 Memória para a matriz:     *2.257812* Gigas

 Ordem da matriz:           *17408x17408*
 Tempo Sequencial (Ts):     *1.167818* seg
 Tempo Paralelo (Tp): 	    *0.422501* seg
 Desvio Padrão Sequencial:  *0.000142*
 Desvio Padrão Paralelo:    *0.000110*

 Diferenca de valor máxima: *0.000000*

 Speedup: 		    *2.764061* Ts/Tp
 Eficiencia: 		    *69.10*%


 Tempo total: 		    *84.824172* seg

 ***

 Memória para a matriz:     *2.531250* Gigas

 Ordem da matriz:           *18432x18432*
 Tempo Sequencial (Ts):     *1.308900* seg
 Tempo Paralelo (Tp): 	    *0.473509* seg
 Desvio Padrão Sequencial:  *0.000134*
 Desvio Padrão Paralelo:    *0.000180*

 Diferenca de valor máxima: *0.000000*

 Speedup: 		    *2.764254* Ts/Tp
 Eficiencia: 		    *69.11*%


 Tempo total: 		    *95.071580* seg

 ***

 Memória para a matriz:     *2.820312* Gigas

 Ordem da matriz:           *19456x19456*
 Tempo Sequencial (Ts):     *1.458453* seg
 Tempo Paralelo (Tp): 	    *0.527476* seg
 Desvio Padrão Sequencial:  *0.000131*
 Desvio Padrão Paralelo:    *0.000409*

 Diferenca de valor máxima: *0.000000*

 Speedup: 		    *2.764965* Ts/Tp
 Eficiencia: 		    *69.12*%


 Tempo total: 		    *105.932832* seg

 ***

 Memória para a matriz:     *3.125000* Gigas

 Ordem da matriz:           *20480x20480*
 Tempo Sequencial (Ts):     *1.616468* seg
 Tempo Paralelo (Tp): 	    *0.584320* seg
 Desvio Padrão Sequencial:  *0.000122*
 Desvio Padrão Paralelo:    *0.000130*

 Diferenca de valor máxima: *0.000000*

 Speedup: 		    *2.766407* Ts/Tp
 Eficiencia: 		    *69.16*%


 Tempo total: 		    *117.374832* seg

 ***

 Memória para a matriz:     *3.445312* Gigas

 Ordem da matriz:           *21504x21504*
 Tempo Sequencial (Ts):     *1.781691* seg
 Tempo Paralelo (Tp): 	    *0.643920* seg
 Desvio Padrão Sequencial:  *0.000144*
 Desvio Padrão Paralelo:    *0.000144*

 Diferenca de valor máxima: *0.000000*

 Speedup: 		    *2.766944* Ts/Tp
 Eficiencia: 		    *69.17*%


 Tempo total: 		    *129.358097* seg

 ***

 Memória para a matriz:     *3.781250* Gigas

 Ordem da matriz:           *22528x22528*
 Tempo Sequencial (Ts):     *1.955277* seg
 Tempo Paralelo (Tp): 	    *0.706296* seg
 Desvio Padrão Sequencial:  *0.000182*
 Desvio Padrão Paralelo:    *0.000152*

 Diferenca de valor máxima: *0.000000*

 Speedup: 		    *2.768352* Ts/Tp
 Eficiencia: 		    *69.21*%


 Tempo total: 		    *141.955207* seg

 ***

 Memória para a matriz:     *4.132812* Gigas

 Ordem da matriz:           *23552x23552*
 Tempo Sequencial (Ts):     *2.137117* seg
 Tempo Paralelo (Tp): 	    *0.772061* seg
 Desvio Padrão Sequencial:  *0.000172*
 Desvio Padrão Paralelo:    *0.000227*

 Diferenca de valor máxima: *0.000000*

 Speedup: 		    *2.768068* Ts/Tp
 Eficiencia: 		    *69.20*%


 Tempo total: 		    *155.160063* seg

 ***

 Memória para a matriz:     *4.500000* Gigas

 Ordem da matriz:           *24576x24576*
 Tempo Sequencial (Ts):     *2.328167* seg
 Tempo Paralelo (Tp): 	    *0.840826* seg
 Desvio Padrão Sequencial:  *0.000191*
 Desvio Padrão Paralelo:    *0.000209*

 Diferenca de valor máxima: *0.000000*

 Speedup: 		    *2.768903* Ts/Tp
 Eficiencia: 		    *69.22*%


 Tempo total: 		    *168.999179* seg

 ***

 Memória para a matriz:     *4.882812* Gigas

 Ordem da matriz:           *25600x25600*
 Tempo Sequencial (Ts):     *2.524119* seg
 Tempo Paralelo (Tp): 	    *0.911851* seg
 Desvio Padrão Sequencial:  *0.000169*
 Desvio Padrão Paralelo:    *0.000284*

 Diferenca de valor máxima: *0.000000*

 Speedup: 		    *2.768127* Ts/Tp
 Eficiencia: 		    *69.20*%


 Tempo total: 		    *183.288112* seg

 ***

 Memória para a matriz:     *5.281250* Gigas

 Ordem da matriz:           *26624x26624*
 Tempo Sequencial (Ts):     *2.732573* seg
 Tempo Paralelo (Tp): 	    *0.986174* seg
 Desvio Padrão Sequencial:  *0.000204*
 Desvio Padrão Paralelo:    *0.000172*

 Diferenca de valor máxima: *0.000000*

 Speedup: 		    *2.770884* Ts/Tp
 Eficiencia: 		    *69.27*%


 Tempo total: 		    *198.336661* seg

 ***

 Memória para a matriz:     *5.695312* Gigas

 Ordem da matriz:           *27648x27648*
 Tempo Sequencial (Ts):     *2.944871* seg
 Tempo Paralelo (Tp): 	    *1.063341* seg
 Desvio Padrão Sequencial:  *0.000196*
 Desvio Padrão Paralelo:    *0.000202*

 Diferenca de valor máxima: *0.000000*

 Speedup: 		    *2.769451* Ts/Tp
 Eficiencia: 		    *69.24*%


 Tempo total: 		    *213.790052* seg

 ***

 Memória para a matriz:     *6.125000* Gigas

 Ordem da matriz:           *28672x28672*
 Tempo Sequencial (Ts):     *3.167292* seg
 Tempo Paralelo (Tp): 	    *1.143319* seg
 Desvio Padrão Sequencial:  *0.000184*
 Desvio Padrão Paralelo:    *0.000202*

 Diferenca de valor máxima: *0.000000*

 Speedup: 		    *2.770261* Ts/Tp
 Eficiencia: 		    *69.26*%


 Tempo total: 		    *229.937822* seg

 ***

 Memória para a matriz:     *6.570312* Gigas

 Ordem da matriz:           *29696x29696*
 Tempo Sequencial (Ts):     *3.398600* seg
 Tempo Paralelo (Tp): 	    *1.226383* seg
 Desvio Padrão Sequencial:  *0.000242*
 Desvio Padrão Paralelo:    *0.000213*

 Diferenca de valor máxima: *0.000000*

 Speedup: 		    *2.771239* Ts/Tp
 Eficiencia: 		    *69.28*%


 Tempo total: 		    *246.665234* seg

 ***

 Memória para a matriz:     *7.031250* Gigas

 Ordem da matriz:           *30720x30720*
 Tempo Sequencial (Ts):     *3.637419* seg
 Tempo Paralelo (Tp): 	    *1.312291* seg
 Desvio Padrão Sequencial:  *0.000214*
 Desvio Padrão Paralelo:    *0.000266*

 Diferenca de valor máxima: *0.000000*

 Speedup: 		    *2.771808* Ts/Tp
 Eficiencia: 		    *69.30*%


 Tempo total: 		    *266.032130* seg

 ***

 Memória para a matriz:     *7.507812* Gigas

 Ordem da matriz:           *31744x31744*
 Tempo Sequencial (Ts):     *3.884753* seg
 Tempo Paralelo (Tp): 	    *1.400942* seg
 Desvio Padrão Sequencial:  *0.000275*
 Desvio Padrão Paralelo:    *0.000338*

 Diferenca de valor máxima: *0.000000*

 Speedup: 		    *2.772958* Ts/Tp
 Eficiencia: 		    *69.32*%


 Tempo total: 		    *281.940538* seg

 ***

 Memória para a matriz:     *8.000000* Gigas

 Ordem da matriz:           *32768x32768*
 Tempo Sequencial (Ts):     *4.136301* seg
 Tempo Paralelo (Tp): 	    *1.492346* seg
 Desvio Padrão Sequencial:  *0.000253*
 Desvio Padrão Paralelo:    *0.000321*

 Diferenca de valor máxima: *0.000000*

 Speedup: 		    *2.771677* Ts/Tp
 Eficiencia: 		    *69.29*%


 Tempo total: 		    *300.256143* seg

 ***

 Memória para a matriz:     *8.507812* Gigas

 Ordem da matriz:           *33792x33792*
 Tempo Sequencial (Ts):     *4.401065* seg
 Tempo Paralelo (Tp): 	    *1.586956* seg
 Desvio Padrão Sequencial:  *0.000276*
 Desvio Padrão Paralelo:    *0.000391*

 Diferenca de valor máxima: *0.000000*

 Speedup: 		    *2.773274* Ts/Tp
 Eficiencia: 		    *69.33*%


 Tempo total: 		    *319.368208* seg

 ***

 Memória para a matriz:     *9.031250* Gigas

 Ordem da matriz:           *34816x34816*
 Tempo Sequencial (Ts):     *4.669951* seg
 Tempo Paralelo (Tp): 	    *1.684505* seg
 Desvio Padrão Sequencial:  *0.000262*
 Desvio Padrão Paralelo:    *0.000396*

 Diferenca de valor máxima: *0.000000*

 Speedup: 		    *2.772298* Ts/Tp
 Eficiencia: 		    *69.31*%


 Tempo total: 		    *338.920986* seg

 ***

 Memória para a matriz:     *9.570312* Gigas

 Ordem da matriz:           *35840x35840*
 Tempo Sequencial (Ts):     *4.950127* seg
 Tempo Paralelo (Tp): 	    *1.784961* seg
 Desvio Padrão Sequencial:  *0.000300*
 Desvio Padrão Paralelo:    *0.000222*

 Diferenca de valor máxima: *0.000000*

 Speedup: 		    *2.773240* Ts/Tp
 Eficiencia: 		    *69.33*%


 Tempo total: 		    *359.212157* seg

 ***

 Memória para a matriz:     *10.125000* Gigas

 Ordem da matriz:           *36864x36864*
 Tempo Sequencial (Ts):     *5.237978* seg
 Tempo Paralelo (Tp): 	    *1.888522* seg
 Desvio Padrão Sequencial:  *0.000324*
 Desvio Padrão Paralelo:    *0.000307*

 Diferenca de valor máxima: *0.000000*

 Speedup: 		    *2.773586* Ts/Tp
 Eficiencia: 		    *69.34*%


 Tempo total: 		    *380.084210* seg

 ***

 Memória para a matriz:     *10.695312* Gigas

 Ordem da matriz:           *37888x37888*
 Tempo Sequencial (Ts):     *5.530856* seg
 Tempo Paralelo (Tp): 	    *1.995014* seg
 Desvio Padrão Sequencial:  *0.000334*
 Desvio Padrão Paralelo:    *0.000289*

 Diferenca de valor máxima: *0.000000*

 Speedup: 		    *2.772339* Ts/Tp
 Eficiencia: 		    *69.31*%


 Tempo total: 		    *401.384821* seg

 ***

 Memória para a matriz:     *11.281250* Gigas

 Ordem da matriz:           *38912x38912*
 Tempo Sequencial (Ts):     *5.832437* seg
 Tempo Paralelo (Tp): 	    *2.103607* seg
 Desvio Padrão Sequencial:  *0.000359*
 Desvio Padrão Paralelo:    *0.000270*

 Diferenca de valor máxima: *0.000000*

 Speedup: 		    *2.772589* Ts/Tp
 Eficiencia: 		    *69.31*%


 Tempo total: 		    *423.275758* seg

 ***

 Memória para a matriz:     *11.882812* Gigas

 Ordem da matriz:           *39936x39936*
 Tempo Sequencial (Ts):     *6.143998* seg
 Tempo Paralelo (Tp): 	    *2.215776* seg
 Desvio Padrão Sequencial:  *0.000369*
 Desvio Padrão Paralelo:    *0.000286*

 Diferenca de valor máxima: *0.000000*

 Speedup: 		    *2.772842* Ts/Tp
 Eficiencia: 		    *69.32*%


 Tempo total: 		    *445.877212* seg

 ***

 Memória para a matriz:     *12.500000* Gigas

 Ordem da matriz:           *40960x40960*
 Tempo Sequencial (Ts):     *6.467088* seg
 Tempo Paralelo (Tp): 	    *2.330861* seg
 Desvio Padrão Sequencial:  *0.000346*
 Desvio Padrão Paralelo:    *0.000305*

 Diferenca de valor máxima: *0.000000*

 Speedup: 		    *2.774550* Ts/Tp
 Eficiencia: 		    *69.36*%


 Tempo total: 		    *469.240414* seg

 ***

 Memória para a matriz:     *13.132812* Gigas

 Ordem da matriz:           *41984x41984*
 Tempo Sequencial (Ts):     *6.790660* seg
 Tempo Paralelo (Tp): 	    *2.448189* seg
 Desvio Padrão Sequencial:  *0.000390*
 Desvio Padrão Paralelo:    *0.000416*

 Diferenca de valor máxima: *0.000000*

 Speedup: 		    *2.773749* Ts/Tp
 Eficiencia: 		    *69.34*%


 Tempo total: 		    *492.732074* seg

 ***

 Memória para a matriz:     *13.781250* Gigas

 Ordem da matriz:           *43008x43008*
 Tempo Sequencial (Ts):     *7.129215* seg
 Tempo Paralelo (Tp): 	    *2.568836* seg
 Desvio Padrão Sequencial:  *0.000426*
 Desvio Padrão Paralelo:    *0.000521*

 Diferenca de valor máxima: *0.000000*

 Speedup: 		    *2.775271* Ts/Tp
 Eficiencia: 		    *69.38*%


 Tempo total: 		    *518.175905* seg

 ***

 Memória para a matriz:     *14.445312* Gigas

 Ordem da matriz:           *44032x44032*
 Tempo Sequencial (Ts):     *7.472153* seg
 Tempo Paralelo (Tp): 	    *2.692740* seg
 Desvio Padrão Sequencial:  *0.000513*
 Desvio Padrão Paralelo:    *0.000457*

 Diferenca de valor máxima: *0.000000*

 Speedup: 		    *2.774926* Ts/Tp
 Eficiencia: 		    *69.37*%


 Tempo total: 		    *542.147891* seg

 ***
*----------*

 Memória para a matriz:     *0.007812* Gigas

 Ordem da matriz:           *1024x1024*
 Tempo Sequencial (Ts):     *0.004034* seg
 Tempo Paralelo (Tp): 	    *0.001322* seg
 Desvio Padrão Sequencial:  *0.000020*
 Desvio Padrão Paralelo:    *0.000107*

 Diferenca de valor máxima: *0.000000*

 Speedup: 		    *3.051416* Ts/Tp
 Eficiencia: 		    *38.14*%


 Tempo total: 		    *0.286266* seg

 ***

 Memória para a matriz:     *0.031250* Gigas

 Ordem da matriz:           *2048x2048*
 Tempo Sequencial (Ts):     *0.016220* seg
 Tempo Paralelo (Tp): 	    *0.006167* seg
 Desvio Padrão Sequencial:  *0.000024*
 Desvio Padrão Paralelo:    *0.000402*

 Diferenca de valor máxima: *0.000000*

 Speedup: 		    *2.630269* Ts/Tp
 Eficiencia: 		    *32.88*%


 Tempo total: 		    *1.193908* seg

 ***

 Memória para a matriz:     *0.070312* Gigas

 Ordem da matriz:           *3072x3072*
 Tempo Sequencial (Ts):     *0.036403* seg
 Tempo Paralelo (Tp): 	    *0.013508* seg
 Desvio Padrão Sequencial:  *0.000036*
 Desvio Padrão Paralelo:    *0.000045*

 Diferenca de valor máxima: *0.000000*

 Speedup: 		    *2.694977* Ts/Tp
 Eficiencia: 		    *33.69*%


 Tempo total: 		    *2.662133* seg

 ***

 Memória para a matriz:     *0.125000* Gigas

 Ordem da matriz:           *4096x4096*
 Tempo Sequencial (Ts):     *0.064766* seg
 Tempo Paralelo (Tp): 	    *0.023809* seg
 Desvio Padrão Sequencial:  *0.000058*
 Desvio Padrão Paralelo:    *0.000050*

 Diferenca de valor máxima: *0.000000*

 Speedup: 		    *2.720257* Ts/Tp
 Eficiencia: 		    *34.00*%


 Tempo total: 		    *4.724496* seg

 ***

 Memória para a matriz:     *0.195312* Gigas

 Ordem da matriz:           *5120x5120*
 Tempo Sequencial (Ts):     *0.101059* seg
 Tempo Paralelo (Tp): 	    *0.037090* seg
 Desvio Padrão Sequencial:  *0.000059*
 Desvio Padrão Paralelo:    *0.000098*

 Diferenca de valor máxima: *0.000000*

 Speedup: 		    *2.724716* Ts/Tp
 Eficiencia: 		    *34.06*%


 Tempo total: 		    *7.367700* seg

 ***

 Memória para a matriz:     *0.281250* Gigas

 Ordem da matriz:           *6144x6144*
 Tempo Sequencial (Ts):     *0.145560* seg
 Tempo Paralelo (Tp): 	    *0.053240* seg
 Desvio Padrão Sequencial:  *0.000075*
 Desvio Padrão Paralelo:    *0.000212*

 Diferenca de valor máxima: *0.000000*

 Speedup: 		    *2.734024* Ts/Tp
 Eficiencia: 		    *34.18*%


 Tempo total: 		    *10.602736* seg

 ***

 Memória para a matriz:     *0.382812* Gigas

 Ordem da matriz:           *7168x7168*
 Tempo Sequencial (Ts):     *0.198102* seg
 Tempo Paralelo (Tp): 	    *0.072245* seg
 Desvio Padrão Sequencial:  *0.000066*
 Desvio Padrão Paralelo:    *0.000065*

 Diferenca de valor máxima: *0.000000*

 Speedup: 		    *2.742088* Ts/Tp
 Eficiencia: 		    *34.28*%


 Tempo total: 		    *14.417782* seg

 ***

 Memória para a matriz:     *0.500000* Gigas

 Ordem da matriz:           *8192x8192*
 Tempo Sequencial (Ts):     *0.258730* seg
 Tempo Paralelo (Tp): 	    *0.094295* seg
 Desvio Padrão Sequencial:  *0.000070*
 Desvio Padrão Paralelo:    *0.000109*

 Diferenca de valor máxima: *0.000000*

 Speedup: 		    *2.743850* Ts/Tp
 Eficiencia: 		    *34.30*%


 Tempo total: 		    *18.831155* seg

 ***

 Memória para a matriz:     *0.632812* Gigas

 Ordem da matriz:           *9216x9216*
 Tempo Sequencial (Ts):     *0.342262* seg
 Tempo Paralelo (Tp): 	    *0.119135* seg
 Desvio Padrão Sequencial:  *0.000073*
 Desvio Padrão Paralelo:    *0.000070*

 Diferenca de valor máxima: *0.000000*

 Speedup: 		    *2.872900* Ts/Tp
 Eficiencia: 		    *35.91*%


 Tempo total: 		    *24.558643* seg

 ***

 Memória para a matriz:     *0.781250* Gigas

 Ordem da matriz:           *10240x10240*
 Tempo Sequencial (Ts):     *0.404243* seg
 Tempo Paralelo (Tp): 	    *0.146848* seg
 Desvio Padrão Sequencial:  *0.000079*
 Desvio Padrão Paralelo:    *0.000071*

 Diferenca de valor máxima: *0.000000*

 Speedup: 		    *2.752802* Ts/Tp
 Eficiencia: 		    *34.41*%


 Tempo total: 		    *29.390745* seg

 ***

 Memória para a matriz:     *0.945312* Gigas

 Ordem da matriz:           *11264x11264*
 Tempo Sequencial (Ts):     *0.489132* seg
 Tempo Paralelo (Tp): 	    *0.177599* seg
 Desvio Padrão Sequencial:  *0.000099*
 Desvio Padrão Paralelo:    *0.000113*

 Diferenca de valor máxima: *0.000000*

 Speedup: 		    *2.754144* Ts/Tp
 Eficiencia: 		    *34.43*%


 Tempo total: 		    *35.556317* seg

 ***

 Memória para a matriz:     *1.125000* Gigas

 Ordem da matriz:           *12288x12288*
 Tempo Sequencial (Ts):     *0.582179* seg
 Tempo Paralelo (Tp): 	    *0.211278* seg
 Desvio Padrão Sequencial:  *0.000105*
 Desvio Padrão Paralelo:    *0.000091*

 Diferenca de valor máxima: *0.000000*

 Speedup: 		    *2.755515* Ts/Tp
 Eficiencia: 		    *34.44*%


 Tempo total: 		    *42.315301* seg

 ***

 Memória para a matriz:     *1.320312* Gigas

 Ordem da matriz:           *13312x13312*
 Tempo Sequencial (Ts):     *0.682977* seg
 Tempo Paralelo (Tp): 	    *0.247751* seg
 Desvio Padrão Sequencial:  *0.000112*
 Desvio Padrão Paralelo:    *0.000083*

 Diferenca de valor máxima: *0.000000*

 Speedup: 		    *2.756710* Ts/Tp
 Eficiencia: 		    *34.46*%


 Tempo total: 		    *49.634857* seg

 ***

 Memória para a matriz:     *1.531250* Gigas

 Ordem da matriz:           *14336x14336*
 Tempo Sequencial (Ts):     *0.792074* seg
 Tempo Paralelo (Tp): 	    *0.287172* seg
 Desvio Padrão Sequencial:  *0.000115*
 Desvio Padrão Paralelo:    *0.000106*

 Diferenca de valor máxima: *0.000000*

 Speedup: 		    *2.758185* Ts/Tp
 Eficiencia: 		    *34.48*%


 Tempo total: 		    *57.561587* seg

 ***

 Memória para a matriz:     *1.757812* Gigas

 Ordem da matriz:           *15360x15360*
 Tempo Sequencial (Ts):     *0.909288* seg
 Tempo Paralelo (Tp): 	    *0.329535* seg
 Desvio Padrão Sequencial:  *0.000090*
 Desvio Padrão Paralelo:    *0.000186*

 Diferenca de valor máxima: *0.000000*

 Speedup: 		    *2.759305* Ts/Tp
 Eficiencia: 		    *34.49*%


 Tempo total: 		    *66.065850* seg

 ***

 Memória para a matriz:     *2.000000* Gigas

 Ordem da matriz:           *16384x16384*
 Tempo Sequencial (Ts):     *1.034415* seg
 Tempo Paralelo (Tp): 	    *0.374770* seg
 Desvio Padrão Sequencial:  *0.000107*
 Desvio Padrão Paralelo:    *0.000181*

 Diferenca de valor máxima: *0.000000*

 Speedup: 		    *2.760132* Ts/Tp
 Eficiencia: 		    *34.50*%


 Tempo total: 		    *75.155689* seg

 ***

 Memória para a matriz:     *2.257812* Gigas

 Ordem da matriz:           *17408x17408*
 Tempo Sequencial (Ts):     *1.167599* seg
 Tempo Paralelo (Tp): 	    *0.422831* seg
 Desvio Padrão Sequencial:  *0.000138*
 Desvio Padrão Paralelo:    *0.000117*

 Diferenca de valor máxima: *0.000000*

 Speedup: 		    *2.761382* Ts/Tp
 Eficiencia: 		    *34.52*%


 Tempo total: 		    *84.816531* seg

 ***

 Memória para a matriz:     *2.531250* Gigas

 Ordem da matriz:           *18432x18432*
 Tempo Sequencial (Ts):     *1.309212* seg
 Tempo Paralelo (Tp): 	    *0.473905* seg
 Desvio Padrão Sequencial:  *0.000133*
 Desvio Padrão Paralelo:    *0.000170*

 Diferenca de valor máxima: *0.000000*

 Speedup: 		    *2.762607* Ts/Tp
 Eficiencia: 		    *34.53*%


 Tempo total: 		    *95.094233* seg

 ***

 Memória para a matriz:     *2.820312* Gigas

 Ordem da matriz:           *19456x19456*
 Tempo Sequencial (Ts):     *1.458389* seg
 Tempo Paralelo (Tp): 	    *0.527860* seg
 Desvio Padrão Sequencial:  *0.000129*
 Desvio Padrão Paralelo:    *0.000158*

 Diferenca de valor máxima: *0.000000*

 Speedup: 		    *2.762835* Ts/Tp
 Eficiencia: 		    *34.54*%


 Tempo total: 		    *105.931368* seg

 ***

 Memória para a matriz:     *3.125000* Gigas

 Ordem da matriz:           *20480x20480*
 Tempo Sequencial (Ts):     *1.616717* seg
 Tempo Paralelo (Tp): 	    *0.584815* seg
 Desvio Padrão Sequencial:  *0.000145*
 Desvio Padrão Paralelo:    *0.000218*

 Diferenca de valor máxima: *0.000000*

 Speedup: 		    *2.764494* Ts/Tp
 Eficiencia: 		    *34.56*%


 Tempo total: 		    *117.416709* seg

 ***

 Memória para a matriz:     *3.445312* Gigas

 Ordem da matriz:           *21504x21504*
 Tempo Sequencial (Ts):     *1.781468* seg
 Tempo Paralelo (Tp): 	    *0.644721* seg
 Desvio Padrão Sequencial:  *0.000154*
 Desvio Padrão Paralelo:    *0.000210*

 Diferenca de valor máxima: *0.000000*

 Speedup: 		    *2.763159* Ts/Tp
 Eficiencia: 		    *34.54*%


 Tempo total: 		    *129.389656* seg

 ***

 Memória para a matriz:     *3.781250* Gigas

 Ordem da matriz:           *22528x22528*
 Tempo Sequencial (Ts):     *1.956304* seg
 Tempo Paralelo (Tp): 	    *0.707259* seg
 Desvio Padrão Sequencial:  *0.000161*
 Desvio Padrão Paralelo:    *0.000149*

 Diferenca de valor máxima: *0.000000*

 Speedup: 		    *2.766034* Ts/Tp
 Eficiencia: 		    *34.58*%


 Tempo total: 		    *142.061463* seg

 ***

 Memória para a matriz:     *4.132812* Gigas

 Ordem da matriz:           *23552x23552*
 Tempo Sequencial (Ts):     *2.138808* seg
 Tempo Paralelo (Tp): 	    *0.773012* seg
 Desvio Padrão Sequencial:  *0.000189*
 Desvio Padrão Paralelo:    *0.000241*

 Diferenca de valor máxima: *0.000000*

 Speedup: 		    *2.766849* Ts/Tp
 Eficiencia: 		    *34.59*%


 Tempo total: 		    *155.287628* seg

 ***

 Memória para a matriz:     *4.500000* Gigas

 Ordem da matriz:           *24576x24576*
 Tempo Sequencial (Ts):     *2.328541* seg
 Tempo Paralelo (Tp): 	    *0.841424* seg
 Desvio Padrão Sequencial:  *0.000185*
 Desvio Padrão Paralelo:    *0.000165*

 Diferenca de valor máxima: *0.000000*

 Speedup: 		    *2.767381* Ts/Tp
 Eficiencia: 		    *34.59*%


 Tempo total: 		    *169.048263* seg

 ***

 Memória para a matriz:     *4.882812* Gigas

 Ordem da matriz:           *25600x25600*
 Tempo Sequencial (Ts):     *2.525662* seg
 Tempo Paralelo (Tp): 	    *0.912571* seg
 Desvio Padrão Sequencial:  *0.000167*
 Desvio Padrão Paralelo:    *0.000284*

 Diferenca de valor máxima: *0.000000*

 Speedup: 		    *2.767634* Ts/Tp
 Eficiencia: 		    *34.60*%


 Tempo total: 		    *183.404079* seg

 ***

 Memória para a matriz:     *5.281250* Gigas

 Ordem da matriz:           *26624x26624*
 Tempo Sequencial (Ts):     *2.731826* seg
 Tempo Paralelo (Tp): 	    *0.987195* seg
 Desvio Padrão Sequencial:  *0.000166*
 Desvio Padrão Paralelo:    *0.000249*

 Diferenca de valor máxima: *0.000000*

 Speedup: 		    *2.767261* Ts/Tp
 Eficiencia: 		    *34.59*%


 Tempo total: 		    *198.335089* seg

 ***

 Memória para a matriz:     *5.695312* Gigas

 Ordem da matriz:           *27648x27648*
 Tempo Sequencial (Ts):     *2.947235* seg
 Tempo Paralelo (Tp): 	    *1.064433* seg
 Desvio Padrão Sequencial:  *0.000207*
 Desvio Padrão Paralelo:    *0.000359*

 Diferenca de valor máxima: *0.000000*

 Speedup: 		    *2.768831* Ts/Tp
 Eficiencia: 		    *34.61*%


 Tempo total: 		    *213.938044* seg

 ***

 Memória para a matriz:     *6.125000* Gigas

 Ordem da matriz:           *28672x28672*
 Tempo Sequencial (Ts):     *3.166039* seg
 Tempo Paralelo (Tp): 	    *1.144503* seg
 Desvio Padrão Sequencial:  *0.000243*
 Desvio Padrão Paralelo:    *0.000329*

 Diferenca de valor máxima: *0.000000*

 Speedup: 		    *2.766301* Ts/Tp
 Eficiencia: 		    *34.58*%


 Tempo total: 		    *229.893816* seg

 ***

 Memória para a matriz:     *6.570312* Gigas

 Ordem da matriz:           *29696x29696*
 Tempo Sequencial (Ts):     *3.396932* seg
 Tempo Paralelo (Tp): 	    *1.227164* seg
 Desvio Padrão Sequencial:  *0.000228*
 Desvio Padrão Paralelo:    *0.000293*

 Diferenca de valor máxima: *0.000000*

 Speedup: 		    *2.768117* Ts/Tp
 Eficiencia: 		    *34.60*%


 Tempo total: 		    *246.626809* seg

 ***

 Memória para a matriz:     *7.031250* Gigas

 Ordem da matriz:           *30720x30720*
 Tempo Sequencial (Ts):     *3.636450* seg
 Tempo Paralelo (Tp): 	    *1.313214* seg
 Desvio Padrão Sequencial:  *0.000223*
 Desvio Padrão Paralelo:    *0.000259*

 Diferenca de valor máxima: *0.000000*

 Speedup: 		    *2.769123* Ts/Tp
 Eficiencia: 		    *34.61*%


 Tempo total: 		    *263.971987* seg

 ***

 Memória para a matriz:     *7.507812* Gigas

 Ordem da matriz:           *31744x31744*
 Tempo Sequencial (Ts):     *3.884408* seg
 Tempo Paralelo (Tp): 	    *1.402324* seg
 Desvio Padrão Sequencial:  *0.000260*
 Desvio Padrão Paralelo:    *0.000244*

 Diferenca de valor máxima: *0.000000*

 Speedup: 		    *2.769978* Ts/Tp
 Eficiencia: 		    *34.62*%


 Tempo total: 		    *281.963472* seg

 ***

 Memória para a matriz:     *8.000000* Gigas

 Ordem da matriz:           *32768x32768*
 Tempo Sequencial (Ts):     *4.135940* seg
 Tempo Paralelo (Tp): 	    *1.493707* seg
 Desvio Padrão Sequencial:  *0.000325*
 Desvio Padrão Paralelo:    *0.000234*

 Diferenca de valor máxima: *0.000000*

 Speedup: 		    *2.768910* Ts/Tp
 Eficiencia: 		    *34.61*%


 Tempo total: 		    *300.285536* seg

 ***

 Memória para a matriz:     *8.507812* Gigas

 Ordem da matriz:           *33792x33792*
 Tempo Sequencial (Ts):     *4.401079* seg
 Tempo Paralelo (Tp): 	    *1.588658* seg
 Desvio Padrão Sequencial:  *0.000284*
 Desvio Padrão Paralelo:    *0.000236*

 Diferenca de valor máxima: *0.000000*

 Speedup: 		    *2.770313* Ts/Tp
 Eficiencia: 		    *34.63*%


 Tempo total: 		    *319.433129* seg

 ***

 Memória para a matriz:     *9.031250* Gigas

 Ordem da matriz:           *34816x34816*
 Tempo Sequencial (Ts):     *4.669986* seg
 Tempo Paralelo (Tp): 	    *1.685419* seg
 Desvio Padrão Sequencial:  *0.000273*
 Desvio Padrão Paralelo:    *0.000422*

 Diferenca de valor máxima: *0.000000*

 Speedup: 		    *2.770815* Ts/Tp
 Eficiencia: 		    *34.64*%


 Tempo total: 		    *338.935806* seg

 ***

 Memória para a matriz:     *9.570312* Gigas

 Ordem da matriz:           *35840x35840*
 Tempo Sequencial (Ts):     *4.951420* seg
 Tempo Paralelo (Tp): 	    *1.786400* seg
 Desvio Padrão Sequencial:  *0.000281*
 Desvio Padrão Paralelo:    *0.000214*

 Diferenca de valor máxima: *0.000000*

 Speedup: 		    *2.771731* Ts/Tp
 Eficiencia: 		    *34.65*%


 Tempo total: 		    *359.331943* seg

 ***

 Memória para a matriz:     *10.125000* Gigas

 Ordem da matriz:           *36864x36864*
 Tempo Sequencial (Ts):     *5.237106* seg
 Tempo Paralelo (Tp): 	    *1.889751* seg
 Desvio Padrão Sequencial:  *0.000358*
 Desvio Padrão Paralelo:    *0.000265*

 Diferenca de valor máxima: *0.000000*

 Speedup: 		    *2.771320* Ts/Tp
 Eficiencia: 		    *34.64*%


 Tempo total: 		    *380.069588* seg

 ***

 Memória para a matriz:     *10.695312* Gigas

 Ordem da matriz:           *37888x37888*
 Tempo Sequencial (Ts):     *5.529885* seg
 Tempo Paralelo (Tp): 	    *1.995855* seg
 Desvio Padrão Sequencial:  *0.000312*
 Desvio Padrão Paralelo:    *0.000320*

 Diferenca de valor máxima: *0.000000*

 Speedup: 		    *2.770685* Ts/Tp
 Eficiencia: 		    *34.63*%


 Tempo total: 		    *401.546227* seg

 ***

 Memória para a matriz:     *11.281250* Gigas

 Ordem da matriz:           *38912x38912*
 Tempo Sequencial (Ts):     *5.833598* seg
 Tempo Paralelo (Tp): 	    *2.104983* seg
 Desvio Padrão Sequencial:  *0.000303*
 Desvio Padrão Paralelo:    *0.000282*

 Diferenca de valor máxima: *0.000000*

 Speedup: 		    *2.771328* Ts/Tp
 Eficiencia: 		    *34.64*%


 Tempo total: 		    *423.388304* seg

 ***

 Memória para a matriz:     *11.882812* Gigas

 Ordem da matriz:           *39936x39936*
 Tempo Sequencial (Ts):     *6.143978* seg
 Tempo Paralelo (Tp): 	    *2.216718* seg
 Desvio Padrão Sequencial:  *0.000369*
 Desvio Padrão Paralelo:    *0.000259*

 Diferenca de valor máxima: *0.000000*

 Speedup: 		    *2.771655* Ts/Tp
 Eficiencia: 		    *34.65*%


 Tempo total: 		    *445.902814* seg

 ***

 Memória para a matriz:     *12.500000* Gigas

 Ordem da matriz:           *40960x40960*
 Tempo Sequencial (Ts):     *6.467470* seg
 Tempo Paralelo (Tp): 	    *2.331810* seg
 Desvio Padrão Sequencial:  *0.000401*
 Desvio Padrão Paralelo:    *0.000336*

 Diferenca de valor máxima: *0.000000*

 Speedup: 		    *2.773584* Ts/Tp
 Eficiencia: 		    *34.67*%


 Tempo total: 		    *469.274876* seg

 ***

 Memória para a matriz:     *13.132812* Gigas

 Ordem da matriz:           *41984x41984*
 Tempo Sequencial (Ts):     *6.791494* seg
 Tempo Paralelo (Tp): 	    *2.450036* seg
 Desvio Padrão Sequencial:  *0.000414*
 Desvio Padrão Paralelo:    *0.000449*

 Diferenca de valor máxima: *0.000000*

 Speedup: 		    *2.771997* Ts/Tp
 Eficiencia: 		    *34.65*%


 Tempo total: 		    *492.891829* seg

 ***

 Memória para a matriz:     *13.781250* Gigas

 Ordem da matriz:           *43008x43008*
 Tempo Sequencial (Ts):     *7.127694* seg
 Tempo Paralelo (Tp): 	    *2.570830* seg
 Desvio Padrão Sequencial:  *0.000393*
 Desvio Padrão Paralelo:    *0.000414*

 Diferenca de valor máxima: *0.000000*

 Speedup: 		    *2.772527* Ts/Tp
 Eficiencia: 		    *34.66*%


 Tempo total: 		    *517.261133* seg

 ***

 Memória para a matriz:     *14.445312* Gigas

 Ordem da matriz:           *44032x44032*
 Tempo Sequencial (Ts):     *7.470981* seg
 Tempo Paralelo (Tp): 	    *2.694326* seg
 Desvio Padrão Sequencial:  *0.000434*
 Desvio Padrão Paralelo:    *0.000505*

 Diferenca de valor máxima: *0.000000*

 Speedup: 		    *2.772857* Ts/Tp
 Eficiencia: 		    *34.66*%


 Tempo total: 		    *543.090305* seg

 ***
